<?xml version="1.0" encoding="UTF-8"?>
<!-- Generated by org.testng.reporters.JUnitReportReporter -->
<testsuite hostname="SagarMahajan" failures="0" tests="1" name="runner.Runner" time="31.142" errors="0" timestamp="2022-03-24T23:49:46 IST" skipped="0">
  <testcase classname="runner.Runner" name="runScenario" time="31.142"/>
  <system-out/>
</testsuite> <!-- runner.Runner -->
